|2025-11-25 17:34:48| Dataset : weather, Model : xlstm_mixer, Density : 0.700, d_model : 256, Rank : 32, Seq_Len : 96, Pred_Len : 96
|2025-11-25 17:34:48| MAE - 0.2261 MSE - 0.1929 RMSE - 0.4392 MAPE - 10.3861 NMAE - 0.3712 NRMSE - 0.5494 Acc_10 - 0.0496 train_time - 84.9903
|2025-11-25 17:44:51| Dataset : weather, Model : xlstm_mixer, Density : 0.700, d_model : 256, Rank : 32, Seq_Len : 96, Pred_Len : 192
|2025-11-25 17:44:51| MAE - 0.2710 MSE - 0.2414 RMSE - 0.4914 MAPE - 11.6194 NMAE - 0.4445 NRMSE - 0.6139 Acc_10 - 0.0384 train_time - 174.1071
|2025-11-25 17:59:47| Dataset : weather, Model : xlstm_mixer, Density : 0.700, d_model : 256, Rank : 32, Seq_Len : 96, Pred_Len : 336
|2025-11-25 17:59:47| MAE - 0.3275 MSE - 0.3291 RMSE - 0.5737 MAPE - 13.4572 NMAE - 0.5359 NRMSE - 0.7152 Acc_10 - 0.0307 train_time - 137.1000
|2025-11-25 18:59:09| Dataset : weather, Model : xlstm_mixer, Density : 0.700, d_model : 256, Rank : 32, Seq_Len : 96, Pred_Len : 96
|2025-11-25 18:59:09| MAE - 0.1996 MSE - 0.1612 RMSE - 0.4015 MAPE - 11.5660 NMAE - 0.3279 NRMSE - 0.5022 Acc_10 - 0.0595 train_time - 57.8099
|2025-11-25 19:07:39| Dataset : weather, Model : xlstm_mixer, Density : 0.700, d_model : 256, Rank : 32, Seq_Len : 96, Pred_Len : 192
|2025-11-25 19:07:39| MAE - 0.2485 MSE - 0.2117 RMSE - 0.4601 MAPE - 13.8828 NMAE - 0.4075 NRMSE - 0.5748 Acc_10 - 0.0436 train_time - 306.4031
|2025-11-25 19:18:01| Dataset : weather, Model : xlstm_mixer, Density : 0.700, d_model : 256, Rank : 32, Seq_Len : 96, Pred_Len : 336
|2025-11-25 19:18:01| MAE - 0.2910 MSE - 0.2684 RMSE - 0.5181 MAPE - 15.0040 NMAE - 0.4761 NRMSE - 0.6459 Acc_10 - 0.0349 train_time - 203.8574
|2025-11-25 20:31:14| Dataset : weather, Model : xlstm_mixer, Density : 0.700, d_model : 256, Rank : 32, Seq_Len : 96, Pred_Len : 96
|2025-11-25 20:31:14| MAE - 0.2008 MSE - 0.1622 RMSE - 0.4027 MAPE - 11.5319 NMAE - 0.3297 NRMSE - 0.5037 Acc_10 - 0.0598 train_time - 57.0430
|2025-12-01 11:29:52| Dataset : weather, Model : lzhmodel, Density : 0.700, d_model : 64, Rank : 40, Seq_Len : 96, Pred_Len : 96, Noise_Steps : 40, Noise_Scale : 1.0, Lamda : 0.5
|2025-12-01 11:29:52| MAE - 0.2066 MSE - 0.1670 RMSE - 0.4087 MAPE - 10.9863 NMAE - 0.3393 NRMSE - 0.5112 Acc_10 - 0.0525 train_time - 79.1255
|2025-12-01 12:41:36| Dataset : weather, Model : lzhmodel, Density : 0.700, d_model : 64, Rank : 40, Seq_Len : 96, Pred_Len : 96, Noise_Steps : 40, Noise_Scale : 1.0, Lamda : 0.5
|2025-12-01 12:41:36| MAE - 0.2066 MSE - 0.1670 RMSE - 0.4087 MAPE - 10.9863 NMAE - 0.3393 NRMSE - 0.5112 Acc_10 - 0.0525 train_time - 30.2790
|2025-12-01 12:44:48| Dataset : weather, Model : lzhmodel, Density : 0.700, d_model : 128, Rank : 40, Seq_Len : 96, Pred_Len : 96, Noise_Steps : 40, Noise_Scale : 1.0, Lamda : 0.5
|2025-12-01 12:44:48| MAE - 0.2081 MSE - 0.1663 RMSE - 0.4078 MAPE - 10.5310 NMAE - 0.3417 NRMSE - 0.5102 Acc_10 - 0.0518 train_time - 29.9372
|2025-12-01 15:28:16| Dataset : weather, Model : lzhmodel, Density : 0.700, d_model : 128, Rank : 40, Seq_Len : 96, Pred_Len : 96, Noise_Steps : 40, Noise_Scale : 1.0, Lamda : 0.5
|2025-12-01 15:28:16| MAE - 0.2081 MSE - 0.1663 RMSE - 0.4078 MAPE - 10.5310 NMAE - 0.3417 NRMSE - 0.5102 Acc_10 - 0.0518 train_time - 30.9294
|2025-12-01 15:53:53| Dataset : weather, Model : lzhmodel, Density : 0.700, d_model : 128, Rank : 40, Seq_Len : 96, Pred_Len : 96, Noise_Steps : 40, Noise_Scale : 1.0, Lamda : 0.5
|2025-12-01 15:53:53| MAE - 0.2081 MSE - 0.1663 RMSE - 0.4078 MAPE - 10.5310 NMAE - 0.3417 NRMSE - 0.5102 Acc_10 - 0.0518 train_time - 29.3187
|2025-12-01 15:57:54| Dataset : weather, Model : lzhmodel, Density : 0.700, d_model : 128, Rank : 40, Seq_Len : 96, Pred_Len : 96, Noise_Steps : 40, Noise_Scale : 1.0, Lamda : 0.5
|2025-12-01 15:57:54| MAE - 0.2081 MSE - 0.1663 RMSE - 0.4078 MAPE - 10.5310 NMAE - 0.3417 NRMSE - 0.5102 Acc_10 - 0.0518 train_time - 29.4652
|2025-12-01 21:36:36| Dataset : weather, Model : lzhmodel, Density : 0.700, d_model : 128, Rank : 40, diff : 0, Seq_Len : 96, Pred_Len : 96, Noise_Steps : 40, Noise_Scale : 1.0, Lamda : 0.5
|2025-12-01 21:36:36| MAE - 0.2109 MSE - 0.1727 RMSE - 0.4156 MAPE - 11.2878 NMAE - 0.3463 NRMSE - 0.5199 Acc_10 - 0.0512 train_time - 19.2003
|2025-12-01 22:07:51| Dataset : weather, Model : lzhmodel, Density : 0.700, d_model : 128, Rank : 40, diff : 0, Seq_Len : 96, Pred_Len : 96, Noise_Steps : 40, Noise_Scale : 1.0, Lamda : 0.5
|2025-12-01 22:07:51| MAE - 0.2109 MSE - 0.1727 RMSE - 0.4156 MAPE - 11.2878 NMAE - 0.3463 NRMSE - 0.5199 Acc_10 - 0.0512 train_time - 19.4756
|2025-12-01 22:10:23| Dataset : weather, Model : lzhmodel, Density : 0.700, d_model : 128, Rank : 40, diff : 1, Seq_Len : 96, Pred_Len : 96, Noise_Steps : 40, Noise_Scale : 1.0, Lamda : 0.5
|2025-12-01 22:10:23| MAE - 0.2081 MSE - 0.1663 RMSE - 0.4078 MAPE - 10.5310 NMAE - 0.3417 NRMSE - 0.5102 Acc_10 - 0.0518 train_time - 31.0451
|2025-12-01 22:25:34| Dataset : weather, Model : lzhmodel, Density : 0.700, d_model : 128, Rank : 40, diff : 0, Seq_Len : 96, Pred_Len : 96, Noise_Steps : 40, Noise_Scale : 1.0, Lamda : 0.5
|2025-12-01 22:25:34| MAE - 0.2109 MSE - 0.1727 RMSE - 0.4156 MAPE - 11.2878 NMAE - 0.3463 NRMSE - 0.5199 Acc_10 - 0.0512 train_time - 19.0702
|2025-12-01 22:28:11| Dataset : weather, Model : lzhmodel, Density : 0.700, d_model : 128, Rank : 40, diff : 1, Seq_Len : 96, Pred_Len : 96, Noise_Steps : 40, Noise_Scale : 1.0, Lamda : 0.5
|2025-12-01 22:28:11| MAE - 0.2081 MSE - 0.1663 RMSE - 0.4078 MAPE - 10.5310 NMAE - 0.3417 NRMSE - 0.5102 Acc_10 - 0.0518 train_time - 31.2621
|2025-12-01 22:45:36| Dataset : weather, Model : lzhmodel, Density : 0.700, d_model : 128, Rank : 40, diff : 1, Seq_Len : 96, Pred_Len : 96, Noise_Steps : 40, Noise_Scale : 1.0, Lamda : 0.5
|2025-12-01 22:45:36| MAE - 0.2081 MSE - 0.1663 RMSE - 0.4078 MAPE - 10.5310 NMAE - 0.3417 NRMSE - 0.5102 Acc_10 - 0.0518 train_time - 29.4871
|2025-12-01 22:47:07| Dataset : weather, Model : lzhmodel, Density : 0.700, d_model : 128, Rank : 40, diff : 0, Seq_Len : 96, Pred_Len : 96, Noise_Steps : 40, Noise_Scale : 1.0, Lamda : 0.5
|2025-12-01 22:47:07| MAE - 0.2109 MSE - 0.1727 RMSE - 0.4156 MAPE - 11.2878 NMAE - 0.3463 NRMSE - 0.5199 Acc_10 - 0.0512 train_time - 19.4957
|2025-12-01 22:55:23| Dataset : weather, Model : lzhmodel, Density : 0.700, d_model : 128, Rank : 40, diff : 0, Seq_Len : 96, Pred_Len : 96, Noise_Steps : 40, Noise_Scale : 1.0, Lamda : 0.5
|2025-12-01 22:55:23| MAE - 0.2109 MSE - 0.1727 RMSE - 0.4156 MAPE - 11.2878 NMAE - 0.3463 NRMSE - 0.5199 Acc_10 - 0.0512 train_time - 19.6037
|2025-12-01 22:58:19| Dataset : weather, Model : lzhmodel, Density : 0.700, d_model : 128, Rank : 40, diff : 1, Seq_Len : 96, Pred_Len : 96, Noise_Steps : 40, Noise_Scale : 1.0, Lamda : 0.5
|2025-12-01 22:58:19| MAE - 0.2081 MSE - 0.1663 RMSE - 0.4078 MAPE - 10.5310 NMAE - 0.3417 NRMSE - 0.5102 Acc_10 - 0.0518 train_time - 31.3825
|2025-12-02 15:51:16| Dataset : weather, Model : timemixer_lzh, Density : 0.700, d_model : 128, Rank : 64, Seq_Len : 96, Pred_Len : 96
|2025-12-02 15:51:16| MAE - 0.2094 MSE - 0.1775 RMSE - 0.4214 MAPE - 11.5605 NMAE - 0.3439 NRMSE - 0.5270 Acc_10 - 0.0557 train_time - 23.4736
|2025-12-02 16:04:32| Dataset : weather, Model : timemixer, Density : 0.700, d_model : 128, Rank : 64, Seq_Len : 96, Pred_Len : 96
|2025-12-02 16:04:32| MAE - 0.2094 MSE - 0.1775 RMSE - 0.4214 MAPE - 11.5605 NMAE - 0.3439 NRMSE - 0.5270 Acc_10 - 0.0557 train_time - 22.9782
|2025-12-02 16:29:50| Dataset : weather, Model : timemixer, Density : 0.700, d_model : 128, Rank : 64, Seq_Len : 96, Pred_Len : 96
|2025-12-02 16:29:50| MAE - 0.2094 MSE - 0.1775 RMSE - 0.4214 MAPE - 11.5605 NMAE - 0.3439 NRMSE - 0.5270 Acc_10 - 0.0557 train_time - 24.8634
|2025-12-04 15:52:53| Dataset : weather, Model : lzhmodel, Density : 0.700, d_model : 128, Rank : 40, Seq_Len : 96, Pred_Len : 96, Noise_Steps : 40, Noise_Scale : 1.0, Lamda : 0.5
|2025-12-04 15:52:53| MAE - 0.2080 MSE - 0.1672 RMSE - 0.4089 MAPE - 10.4777 NMAE - 0.3416 NRMSE - 0.5115 Acc_10 - 0.0517 train_time - 40.3088
|2025-12-04 16:10:14| Dataset : weather, Model : lzhmodel, Density : 0.700, d_model : 128, Rank : 40, Seq_Len : 96, Pred_Len : 96, Noise_Steps : 40, Noise_Scale : 1.0, Lamda : 0.5
|2025-12-04 16:10:14| MAE - 0.2078 MSE - 0.1702 RMSE - 0.4126 MAPE - 11.7644 NMAE - 0.3412 NRMSE - 0.5161 Acc_10 - 0.0520 train_time - 19.7949
|2025-12-04 16:22:53| Dataset : weather, Model : lzhmodel, Density : 0.700, d_model : 128, Rank : 40, Seq_Len : 96, Pred_Len : 96, Noise_Steps : 40, Noise_Scale : 1.0, Lamda : 0.5
|2025-12-04 16:22:53| MAE - 0.2080 MSE - 0.1672 RMSE - 0.4089 MAPE - 10.4777 NMAE - 0.3416 NRMSE - 0.5115 Acc_10 - 0.0517 train_time - 36.2642
